<?xml version="1.0" encoding="UTF-8"?>
<!-- Generated by org.testng.reporters.JUnitReportReporter -->
<testsuite hostname="vadivel" failures="0" tests="1" name="linkd.link1" time="37.932" errors="0" timestamp="2023-05-18T10:40:18 IST" skipped="0">
  <testcase classname="linkd.link1" name="launch" time="37.932"/>
  <system-out/>
</testsuite> <!-- linkd.link1 -->
